<?xml version="1.0" encoding="UTF-8"?>
<testng-results ignored="0" total="1" passed="1" failed="0" skipped="0">
  <reporter-output>
  </reporter-output>
  <suite started-at="2022-11-29T21:55:27 IST" name="Default suite" finished-at="2022-11-29T21:55:44 IST" duration-ms="16876">
    <groups>
    </groups>
    <test started-at="2022-11-29T21:55:27 IST" name="Default test" finished-at="2022-11-29T21:55:44 IST" duration-ms="16876">
      <class name="tests.SwagLabProductsTest">
        <test-method is-config="true" signature="configureReports()[pri:0, instance:tests.SwagLabProductsTest@59309333]" started-at="2022-11-29T21:55:27 IST" name="configureReports" finished-at="2022-11-29T21:55:27 IST" duration-ms="485" status="PASS">
          <reporter-output>
          </reporter-output>
        </test-method> <!-- configureReports -->
        <test-method is-config="true" signature="launchBrowser()[pri:0, instance:tests.SwagLabProductsTest@59309333]" started-at="2022-11-29T21:55:27 IST" name="launchBrowser" finished-at="2022-11-29T21:55:30 IST" duration-ms="3092" status="PASS">
          <reporter-output>
          </reporter-output>
        </test-method> <!-- launchBrowser -->
        <test-method signature="SwagLabProductPageTest()[pri:0, instance:tests.SwagLabProductsTest@59309333]" started-at="2022-11-29T21:55:30 IST" name="SwagLabProductPageTest" finished-at="2022-11-29T21:55:44 IST" duration-ms="13263" status="PASS">
          <reporter-output>
          </reporter-output>
        </test-method> <!-- SwagLabProductPageTest -->
      </class> <!-- tests.SwagLabProductsTest -->
    </test> <!-- Default test -->
  </suite> <!-- Default suite -->
</testng-results>
